{"target": 8.621199131062051e-05, "params": {"e": -0.9650194581376947}, "datetime": {"datetime": "2023-06-13 01:43:30", "elapsed": 0.0, "delta": 0.0}}
{"target": 0.5701152200046605, "params": {"e": 1.0}, "datetime": {"datetime": "2023-06-13 01:43:31", "elapsed": 0.853747, "delta": 0.853747}}
{"target": 0.5814700649421196, "params": {"e": 0.9998168805932035}, "datetime": {"datetime": "2023-06-13 01:45:48", "elapsed": 138.453122, "delta": 137.599375}}
{"target": 0.5826093688195081, "params": {"e": 0.9958370028482644}, "datetime": {"datetime": "2023-06-13 01:48:07", "elapsed": 277.191284, "delta": 138.738162}}
{"target": 0.5813958398885635, "params": {"e": 0.9978771921336014}, "datetime": {"datetime": "2023-06-13 01:50:26", "elapsed": 415.969156, "delta": 138.777872}}
{"target": 0.5795675588798626, "params": {"e": 0.9913500783097668}, "datetime": {"datetime": "2023-06-13 01:52:46", "elapsed": 556.067098, "delta": 140.097942}}
{"target": 0.5813202389520103, "params": {"e": 0.9850034983841633}, "datetime": {"datetime": "2023-06-13 01:55:06", "elapsed": 695.545495, "delta": 139.478397}}
{"target": 0.586512527167369, "params": {"e": 0.9796008550292794}, "datetime": {"datetime": "2023-06-13 01:57:25", "elapsed": 834.715016, "delta": 139.169521}}
{"target": 0.5891030188845673, "params": {"e": 0.9743923841735869}, "datetime": {"datetime": "2023-06-13 01:59:44", "elapsed": 973.560942, "delta": 138.845926}}
{"target": 0.5930245506970085, "params": {"e": 0.969261861674954}, "datetime": {"datetime": "2023-06-13 02:02:03", "elapsed": 1112.543543, "delta": 138.982601}}
{"target": 0.5907532551213373, "params": {"e": 0.9638800138674395}, "datetime": {"datetime": "2023-06-13 02:04:23", "elapsed": 1252.727319, "delta": 140.183776}}
{"target": 0.5876138324453304, "params": {"e": 0.9579073817738879}, "datetime": {"datetime": "2023-06-13 02:06:41", "elapsed": 1391.137793, "delta": 138.410474}}
{"target": 0.5885169698776866, "params": {"e": 0.9523015469457947}, "datetime": {"datetime": "2023-06-13 02:09:00", "elapsed": 1530.19381, "delta": 139.056017}}
{"target": 0.5837956230923069, "params": {"e": 0.9998003850601329}, "datetime": {"datetime": "2023-06-13 02:11:19", "elapsed": 1669.174707, "delta": 138.980897}}
{"target": 0.5801478240772828, "params": {"e": 0.9990734102564887}, "datetime": {"datetime": "2023-06-13 02:13:38", "elapsed": 1808.001484, "delta": 138.826777}}
{"target": 0.5945251423081999, "params": {"e": 0.9704657043399723}, "datetime": {"datetime": "2023-06-13 02:15:58", "elapsed": 1948.069952, "delta": 140.068468}}
{"target": 0.5900036456813552, "params": {"e": 0.9729793008418257}, "datetime": {"datetime": "2023-06-13 02:18:16", "elapsed": 2085.800443, "delta": 137.730491}}
{"target": 0.5947987329494734, "params": {"e": 0.9714753615909506}, "datetime": {"datetime": "2023-06-13 02:20:37", "elapsed": 2227.367057, "delta": 141.566614}}
{"target": 0.5908530612336054, "params": {"e": 0.9625389764253511}, "datetime": {"datetime": "2023-06-13 02:22:56", "elapsed": 2365.709999, "delta": 138.342942}}
{"target": 0.5863363170080874, "params": {"e": 0.9537100186456633}, "datetime": {"datetime": "2023-06-13 02:25:18", "elapsed": 2507.568349, "delta": 141.85835}}
{"target": 0.588091097921897, "params": {"e": 0.956518877597273}, "datetime": {"datetime": "2023-06-13 02:27:35", "elapsed": 2645.250089, "delta": 137.68174}}
{"target": 0.5942460882413838, "params": {"e": 0.9677682782830146}, "datetime": {"datetime": "2023-06-13 02:29:55", "elapsed": 2784.77842, "delta": 139.528331}}
{"target": 0.5890940500781022, "params": {"e": 0.9663353622492894}, "datetime": {"datetime": "2023-06-13 02:32:13", "elapsed": 2922.892858, "delta": 138.114438}}
{"target": 0.5899075331597945, "params": {"e": 0.955187961126744}, "datetime": {"datetime": "2023-06-13 02:34:34", "elapsed": 3064.113303, "delta": 141.220445}}
{"target": 0.5886147259344079, "params": {"e": 0.9609573199556087}, "datetime": {"datetime": "2023-06-13 02:36:51", "elapsed": 3201.293527, "delta": 137.180224}}
{"target": 0.5890572511771616, "params": {"e": 0.9596933338767266}, "datetime": {"datetime": "2023-06-13 02:39:12", "elapsed": 3341.875673, "delta": 140.582146}}
{"target": 0.5865882216088133, "params": {"e": 0.9810966296415309}, "datetime": {"datetime": "2023-06-13 02:41:29", "elapsed": 3479.306622, "delta": 137.430949}}
{"target": 0.5856036340012036, "params": {"e": 0.9829779160360539}, "datetime": {"datetime": "2023-06-13 02:43:50", "elapsed": 3619.666492, "delta": 140.35987}}
{"target": 0.5878413220629793, "params": {"e": 0.9758660450847898}, "datetime": {"datetime": "2023-06-13 02:46:07", "elapsed": 3757.114258, "delta": 137.447766}}
{"target": 0.5867605280254187, "params": {"e": 0.9779847711988152}, "datetime": {"datetime": "2023-06-13 02:48:26", "elapsed": 3896.219195, "delta": 139.104937}}
