{"target": 8895.633552167395, "params": {"e": -0.9650194581376947}, "datetime": {"datetime": "2023-06-13 02:54:23", "elapsed": 0.0, "delta": 0.0}}
{"target": 26783.343509395374, "params": {"e": 1.0}, "datetime": {"datetime": "2023-06-13 02:54:24", "elapsed": 0.773999, "delta": 0.773999}}
{"target": 26783.343509395374, "params": {"e": 0.9998168805932035}, "datetime": {"datetime": "2023-06-13 02:55:54", "elapsed": 90.881021, "delta": 90.107022}}
{"target": 79154.49008115393, "params": {"e": 0.5401552095883724}, "datetime": {"datetime": "2023-06-13 03:07:34", "elapsed": 791.178451, "delta": 700.29743}}
{"target": 110715.26034580245, "params": {"e": 0.4284160243521299}, "datetime": {"datetime": "2023-06-13 03:20:46", "elapsed": 1583.135575, "delta": 791.957124}}
{"target": 190461.84117176544, "params": {"e": 0.32783153831544914}, "datetime": {"datetime": "2023-06-13 03:36:54", "elapsed": 2550.974742, "delta": 967.839167}}
{"target": 134834.24024539627, "params": {"e": 0.268374550340242}, "datetime": {"datetime": "2023-06-13 03:52:53", "elapsed": 3510.303013, "delta": 959.328271}}
{"target": 199126.10866731402, "params": {"e": 0.3483097320819788}, "datetime": {"datetime": "2023-06-13 04:08:50", "elapsed": 4467.015271, "delta": 956.712258}}
{"target": 190164.09807615317, "params": {"e": 0.3279147838252179}, "datetime": {"datetime": "2023-06-13 04:24:28", "elapsed": 5405.454565, "delta": 938.439294}}
{"target": 179112.83408070751, "params": {"e": 0.30977168352626383}, "datetime": {"datetime": "2023-06-13 04:40:46", "elapsed": 6382.648965, "delta": 977.1944}}
{"target": 1.7903904764173788, "params": {"e": -0.3404050163782468}, "datetime": {"datetime": "2023-06-13 04:47:30", "elapsed": 6786.903923, "delta": 404.254958}}
{"target": 9.454014884057562e-05, "params": {"e": -0.02157208599151605}, "datetime": {"datetime": "2023-06-13 05:02:28", "elapsed": 7684.841528, "delta": 897.937605}}
{"target": 2562.8510121614104, "params": {"e": -0.6549304575220256}, "datetime": {"datetime": "2023-06-13 05:08:43", "elapsed": 8059.616092, "delta": 374.774564}}
{"target": 25733.585193749444, "params": {"e": 0.7289031045664055}, "datetime": {"datetime": "2023-06-13 05:10:58", "elapsed": 8195.465115, "delta": 135.849023}}
{"target": 213543.61404297652, "params": {"e": 0.35784211286063544}, "datetime": {"datetime": "2023-06-13 05:26:12", "elapsed": 9109.355477, "delta": 913.890362}}
{"target": 193326.43132494725, "params": {"e": 0.37346866158956993}, "datetime": {"datetime": "2023-06-13 05:41:24", "elapsed": 10020.596479, "delta": 911.241002}}
{"target": 84595.36242469795, "params": {"e": 0.19008873297783654}, "datetime": {"datetime": "2023-06-13 05:57:28", "elapsed": 10985.05356, "delta": 964.457081}}
{"target": 0.006457946457493113, "params": {"e": -0.18126865313214857}, "datetime": {"datetime": "2023-06-13 06:04:58", "elapsed": 11434.613218, "delta": 449.559658}}
{"target": 95.20986710180456, "params": {"e": -0.497927306127524}, "datetime": {"datetime": "2023-06-13 06:11:27", "elapsed": 11823.855987, "delta": 389.242769}}
{"target": 5887.878466457706, "params": {"e": -0.8108106038450712}, "datetime": {"datetime": "2023-06-13 06:17:48", "elapsed": 12204.76765, "delta": 380.911663}}
{"target": 25572.044340288954, "params": {"e": 0.863535056673185}, "datetime": {"datetime": "2023-06-13 06:19:20", "elapsed": 12297.294762, "delta": 92.527112}}
{"target": 48252.724295256645, "params": {"e": 0.10237854004759116}, "datetime": {"datetime": "2023-06-13 06:36:56", "elapsed": 13352.974317, "delta": 1055.679555}}
{"target": 37546.58563985676, "params": {"e": 0.6220617495395943}, "datetime": {"datetime": "2023-06-13 06:46:52", "elapsed": 13948.651044, "delta": 595.676727}}
{"target": 212868.31461349418, "params": {"e": 0.3612231029594286}, "datetime": {"datetime": "2023-06-13 07:02:30", "elapsed": 14886.511455, "delta": 937.860411}}
{"target": 92928.71594029063, "params": {"e": 0.48283617360231745}, "datetime": {"datetime": "2023-06-13 07:15:08", "elapsed": 15645.483867, "delta": 758.972412}}
{"target": 0.00019434900102233878, "params": {"e": -0.10130098780720576}, "datetime": {"datetime": "2023-06-13 07:24:03", "elapsed": 16180.231558, "delta": 534.747691}}
{"target": 0.06477747732836396, "params": {"e": -0.26016942733370596}, "datetime": {"datetime": "2023-06-13 07:31:10", "elapsed": 16607.289752, "delta": 427.058194}}
{"target": 21.828771169934747, "params": {"e": -0.418535276073575}, "datetime": {"datetime": "2023-06-13 07:37:51", "elapsed": 17008.464747, "delta": 401.174995}}
{"target": 2716.0988904280402, "params": {"e": -0.5760863649787062}, "datetime": {"datetime": "2023-06-13 07:44:09", "elapsed": 17386.265757, "delta": 377.80101}}
{"target": 2452.219508615693, "params": {"e": -0.7327072291227981}, "datetime": {"datetime": "2023-06-13 07:50:34", "elapsed": 17770.517569, "delta": 384.251812}}
