{"target": 1.1875403482882143e-07, "params": {"e": -0.9650194581376947}, "datetime": {"datetime": "2023-06-12 16:55:55", "elapsed": 0.0, "delta": 0.0}}
{"target": 2.2352633259693256e-09, "params": {"e": 1.0}, "datetime": {"datetime": "2023-06-12 16:55:55", "elapsed": 0.647661, "delta": 0.647661}}
{"target": 1.1875403482882143e-07, "params": {"e": -0.9650676510796683}, "datetime": {"datetime": "2023-06-12 16:56:02", "elapsed": 7.263345, "delta": 6.615684}}
{"target": 2.873973347984428e-07, "params": {"e": -0.5827745691082171}, "datetime": {"datetime": "2023-06-12 16:56:09", "elapsed": 14.551676, "delta": 7.288331}}
{"target": 1.2596452450715785e-07, "params": {"e": -0.4996003048227553}, "datetime": {"datetime": "2023-06-12 16:56:17", "elapsed": 22.194192, "delta": 7.642516}}
{"target": 2.8779349409505084e-07, "params": {"e": -0.6087303117594853}, "datetime": {"datetime": "2023-06-12 16:56:26", "elapsed": 30.945026, "delta": 8.750834}}
{"target": 0.00044341941502478506, "params": {"e": -0.6980491143961527}, "datetime": {"datetime": "2023-06-12 16:56:36", "elapsed": 41.65402, "delta": 10.708994}}
{"target": 0.00044341941502478506, "params": {"e": -0.7163967753485148}, "datetime": {"datetime": "2023-06-12 16:56:47", "elapsed": 52.227891, "delta": 10.573871}}
{"target": 0.00044341941502478506, "params": {"e": -0.7071323970381345}, "datetime": {"datetime": "2023-06-12 16:56:58", "elapsed": 62.850917, "delta": 10.623026}}
{"target": 0.00044341941502478506, "params": {"e": -0.7759675294158566}, "datetime": {"datetime": "2023-06-12 16:57:06", "elapsed": 70.74732, "delta": 7.896403}}
{"target": 0.00044341941502478506, "params": {"e": -0.7529701814435898}, "datetime": {"datetime": "2023-06-12 16:57:13", "elapsed": 78.648388, "delta": 7.901068}}
{"target": 6.961744962638999e-12, "params": {"e": 0.25226719057209857}, "datetime": {"datetime": "2023-06-12 16:57:32", "elapsed": 96.810513, "delta": 18.162125}}
{"target": 2.2224453104182712e-09, "params": {"e": 0.6260782132028737}, "datetime": {"datetime": "2023-06-12 16:57:43", "elapsed": 108.42532, "delta": 11.614807}}
{"target": 3.9069120579217633e-07, "params": {"e": -0.8251184402085681}, "datetime": {"datetime": "2023-06-12 16:57:52", "elapsed": 117.492993, "delta": 9.067673}}
{"target": 0.00044341941502478506, "params": {"e": -0.7666026366761094}, "datetime": {"datetime": "2023-06-12 16:58:03", "elapsed": 127.85286, "delta": 10.359867}}
{"target": 0.0004414863450753982, "params": {"e": -0.12445475353038171}, "datetime": {"datetime": "2023-06-12 16:58:16", "elapsed": 141.462972, "delta": 13.610112}}
{"target": 0.00047508201245235755, "params": {"e": -0.16652947649350427}, "datetime": {"datetime": "2023-06-12 16:58:25", "elapsed": 150.307282, "delta": 8.84431}}
{"target": 0.0005025569306603635, "params": {"e": -0.21855311863200177}, "datetime": {"datetime": "2023-06-12 16:58:34", "elapsed": 158.798279, "delta": 8.490997}}
{"target": 0.0005224076259054715, "params": {"e": -0.26841860659645533}, "datetime": {"datetime": "2023-06-12 16:58:44", "elapsed": 169.199297, "delta": 10.401018}}
{"target": 0.0004899298006004148, "params": {"e": -0.3174963641628848}, "datetime": {"datetime": "2023-06-12 16:58:57", "elapsed": 182.671599, "delta": 13.472302}}
{"target": 0.0002367159386721646, "params": {"e": -0.02933047376015252}, "datetime": {"datetime": "2023-06-12 16:59:21", "elapsed": 206.162954, "delta": 23.491355}}
{"target": 0.0005046878362926008, "params": {"e": -0.2901610968689108}, "datetime": {"datetime": "2023-06-12 16:59:32", "elapsed": 217.172635, "delta": 11.009681}}
{"target": 0.0004996209929545861, "params": {"e": -0.24666343795592383}, "datetime": {"datetime": "2023-06-12 16:59:45", "elapsed": 230.730199, "delta": 13.557564}}
{"target": 0.0004912486556969448, "params": {"e": -0.3715525611661193}, "datetime": {"datetime": "2023-06-12 16:59:58", "elapsed": 242.873798, "delta": 12.143599}}
{"target": 2.356402477186264e-09, "params": {"e": 0.8129373499305175}, "datetime": {"datetime": "2023-06-12 17:00:01", "elapsed": 246.233102, "delta": 3.359304}}
{"target": 4.947320312427628e-09, "params": {"e": 0.43993918502917295}, "datetime": {"datetime": "2023-06-12 17:00:22", "elapsed": 267.166019, "delta": 20.932917}}
{"target": 4.527618575401929e-12, "params": {"e": 0.09472078920835814}, "datetime": {"datetime": "2023-06-12 17:00:49", "elapsed": 294.361703, "delta": 27.195684}}
{"target": 0.0004954730985970827, "params": {"e": -0.34901999336345146}, "datetime": {"datetime": "2023-06-12 17:01:01", "elapsed": 306.215845, "delta": 11.854142}}
{"target": 0.0005132320482876359, "params": {"e": -0.19564809782129672}, "datetime": {"datetime": "2023-06-12 17:01:11", "elapsed": 316.294158, "delta": 10.078313}}
{"target": 0.0005053524923366509, "params": {"e": -0.409005435089949}, "datetime": {"datetime": "2023-06-12 17:01:20", "elapsed": 325.345009, "delta": 9.050851}}
